<?xml version="1.0" encoding="UTF-8"?>
<testng-results ignored="0" total="1" passed="1" failed="0" skipped="0">
  <reporter-output>
  </reporter-output>
  <suite started-at="2020-12-08T05:54:57 IST" name="Suite" finished-at="2020-12-08T05:55:20 IST" duration-ms="22416">
    <groups>
    </groups>
    <test started-at="2020-12-08T05:54:57 IST" name="Test" finished-at="2020-12-08T05:55:20 IST" duration-ms="22416">
      <class name="com.AppTest.AppTest">
        <test-method signature="verifyTest()[pri:0, instance:com.AppTest.AppTest@770d3326]" started-at="2020-12-08T05:54:57 IST" name="verifyTest" finished-at="2020-12-08T05:55:19 IST" duration-ms="22220" status="PASS">
          <reporter-output>
          </reporter-output>
        </test-method> <!-- verifyTest -->
        <test-method is-config="true" signature="closebrowser()[pri:0, instance:com.AppTest.AppTest@770d3326]" started-at="2020-12-08T05:55:19 IST" name="closebrowser" finished-at="2020-12-08T05:55:20 IST" duration-ms="152" status="PASS">
          <reporter-output>
          </reporter-output>
        </test-method> <!-- closebrowser -->
      </class> <!-- com.AppTest.AppTest -->
    </test> <!-- Test -->
  </suite> <!-- Suite -->
</testng-results>
