<?xml version="1.0" encoding="UTF-8"?>
<testng-results ignored="0" total="1" passed="1" failed="0" skipped="0">
  <reporter-output>
    <line>
      <![CDATA[Login Button performed successfully]]>
    </line>
  </reporter-output>
  <suite started-at="2020-12-07T20:49:22 IST" name="Suite" finished-at="2020-12-07T20:49:30 IST" duration-ms="7941">
    <groups>
    </groups>
    <test started-at="2020-12-07T20:49:22 IST" name="Test" finished-at="2020-12-07T20:49:30 IST" duration-ms="7941">
      <class name="com.AppTest.AppTest">
        <test-method signature="verifyTest()[pri:0, instance:com.AppTest.AppTest@770d3326]" started-at="2020-12-07T20:49:22 IST" name="verifyTest" finished-at="2020-12-07T20:49:30 IST" duration-ms="7868" status="PASS">
          <reporter-output>
            <line>
              <![CDATA[Login Button performed successfully]]>
            </line>
          </reporter-output>
        </test-method> <!-- verifyTest -->
        <test-method is-config="true" signature="closebrowser()[pri:0, instance:com.AppTest.AppTest@770d3326]" started-at="2020-12-07T20:49:30 IST" name="closebrowser" finished-at="2020-12-07T20:49:30 IST" duration-ms="46" status="PASS">
          <reporter-output>
          </reporter-output>
        </test-method> <!-- closebrowser -->
      </class> <!-- com.AppTest.AppTest -->
    </test> <!-- Test -->
  </suite> <!-- Suite -->
</testng-results>
