<?xml version="1.0" encoding="UTF-8"?>
<testng-results ignored="0" total="1" passed="1" failed="0" skipped="0">
  <reporter-output>
  </reporter-output>
  <suite started-at="2020-12-07T21:45:05 IST" name="Surefire suite" finished-at="2020-12-07T21:45:16 IST" duration-ms="11354">
    <groups>
    </groups>
    <test started-at="2020-12-07T21:45:05 IST" name="Surefire test" finished-at="2020-12-07T21:45:16 IST" duration-ms="11354">
      <class name="com.myApp.TestScripts.TestScripts">
        <test-method is-config="true" signature="init()[pri:0, instance:com.myApp.TestScripts.TestScripts@36bc55de]" started-at="2020-12-07T21:45:05 IST" name="init" finished-at="2020-12-07T21:45:05 IST" duration-ms="12" status="PASS">
          <reporter-output>
          </reporter-output>
        </test-method> <!-- init -->
        <test-method signature="createSampleFormCustomer()[pri:0, instance:com.myApp.TestScripts.TestScripts@36bc55de]" started-at="2020-12-07T21:45:05 IST" name="createSampleFormCustomer" finished-at="2020-12-07T21:45:16 IST" duration-ms="11318" status="PASS">
          <reporter-output>
          </reporter-output>
        </test-method> <!-- createSampleFormCustomer -->
      </class> <!-- com.myApp.TestScripts.TestScripts -->
    </test> <!-- Surefire test -->
  </suite> <!-- Surefire suite -->
</testng-results>
