<?xml version="1.0" encoding="UTF-8"?>
<testng-results ignored="0" total="1" passed="1" failed="0" skipped="0">
  <reporter-output>
  </reporter-output>
  <suite started-at="2020-12-07T21:43:11 IST" name="Suite" finished-at="2020-12-07T21:43:26 IST" duration-ms="15627">
    <groups>
    </groups>
    <test started-at="2020-12-07T21:43:11 IST" name="Test" finished-at="2020-12-07T21:43:26 IST" duration-ms="15627">
      <class name="com.myApp.TestScripts.TestScripts">
        <test-method is-config="true" signature="init()[pri:0, instance:com.myApp.TestScripts.TestScripts@672872e1]" started-at="2020-12-07T21:43:11 IST" name="init" finished-at="2020-12-07T21:43:11 IST" duration-ms="7" status="PASS">
          <reporter-output>
          </reporter-output>
        </test-method> <!-- init -->
        <test-method signature="createSampleFormCustomer()[pri:0, instance:com.myApp.TestScripts.TestScripts@672872e1]" started-at="2020-12-07T21:43:11 IST" name="createSampleFormCustomer" finished-at="2020-12-07T21:43:26 IST" duration-ms="15599" status="PASS">
          <reporter-output>
          </reporter-output>
        </test-method> <!-- createSampleFormCustomer -->
      </class> <!-- com.myApp.TestScripts.TestScripts -->
    </test> <!-- Test -->
  </suite> <!-- Suite -->
</testng-results>
